<?xml version="1.0" encoding="UTF-8"?>
<!-- Generated by org.testng.reporters.JUnitReportReporter -->
<testsuite hostname="DESKTOP-6GTF1AI" failures="0" tests="3" name="com.qa.opencart.Tests.RegisterPageTest" time="45.154" errors="0" timestamp="07 Mar 2023 06:52:57 GMT" skipped="0">
  <testcase classname="com.qa.opencart.Tests.RegisterPageTest" name="userRegTest" time="14.220"/>
  <testcase classname="com.qa.opencart.Tests.RegisterPageTest" name="userRegTest" time="13.527"/>
  <testcase classname="com.qa.opencart.Tests.RegisterPageTest" name="userRegTest" time="17.407"/>
</testsuite> <!-- com.qa.opencart.Tests.RegisterPageTest -->
