<?xml version="1.0" encoding="UTF-8"?>
<!-- Generated by org.testng.reporters.JUnitReportReporter -->
<testsuite hostname="DESKTOP-6GTF1AI" failures="0" tests="4" name="com.qa.opencart.Tests.LoginPageTest" time="5.281" errors="0" timestamp="07 Mar 2023 06:52:57 GMT" skipped="0">
  <testcase classname="com.qa.opencart.Tests.LoginPageTest" name="loginPageTitleTest" time="0.491"/>
  <testcase classname="com.qa.opencart.Tests.LoginPageTest" name="loginPageURLTest" time="0.034"/>
  <testcase classname="com.qa.opencart.Tests.LoginPageTest" name="forgotPwdLinkExistTest" time="0.164"/>
  <testcase classname="com.qa.opencart.Tests.LoginPageTest" name="loginTest" time="4.592"/>
</testsuite> <!-- com.qa.opencart.Tests.LoginPageTest -->
